Arguments: 
  /snap/node/2525/bin/node /snap/node/2525/bin/yarn.js config get registry

PATH: 
  /home/zvlh/.npm/_npx/15961/bin:/home/zvlh/.nix-profile/bin:/home/zvlh/.local/bin:/usr/local/sbin:/usr/local/bin:/usr/sbin:/usr/bin:/sbin:/bin:/usr/games:/usr/local/games:/snap/bin

Yarn version: 
  1.19.1

Node version: 
  12.13.0

Platform: 
  linux x64

Trace: 
  Error: EACCES: permission denied, write
      at writeSync (fs.js:581:3)
      at SyncWriteStream._write (internal/fs/sync_write_stream.js:22:3)
      at doWrite (_stream_writable.js:431:12)
      at writeOrBuffer (_stream_writable.js:415:5)
      at SyncWriteStream.Writable.write (_stream_writable.js:305:11)
      at ConsoleReporter._log (/snap/node/2525/lib/cli.js:96624:17)
      at ConsoleReporter.log (/snap/node/2525/lib/cli.js:96612:10)
      at get (/snap/node/2525/lib/cli.js:87474:14)
      at Object.<anonymous> (/snap/node/2525/lib/cli.js:25940:25)
      at Generator.next (<anonymous>)

npm manifest: 
  {
    "name": "frontend",
    "version": "0.1.0",
    "private": true
  }

yarn manifest: 
  No manifest

Lockfile: 
  No lockfile
